\BOOKMARK [1][-]{section.1}{基本原理}{}% 1
\BOOKMARK [2][-]{subsection.1.1}{概述}{section.1}% 2
\BOOKMARK [2][-]{subsection.1.2}{原理}{section.1}% 3
\BOOKMARK [2][-]{subsection.1.3}{界面}{section.1}% 4
\BOOKMARK [2][-]{subsection.1.4}{操作说明}{section.1}% 5
\BOOKMARK [3][-]{subsubsection.1.4.1}{文件操作}{subsection.1.4}% 6
\BOOKMARK [3][-]{subsubsection.1.4.2}{添加删除}{subsection.1.4}% 7
\BOOKMARK [3][-]{subsubsection.1.4.3}{红黑树可视化}{subsection.1.4}% 8
\BOOKMARK [3][-]{subsubsection.1.4.4}{遍历}{subsection.1.4}% 9
\BOOKMARK [3][-]{subsubsection.1.4.5}{检索}{subsection.1.4}% 10
\BOOKMARK [1][-]{section.2}{程序设计}{}% 11
\BOOKMARK [2][-]{subsection.2.1}{需求分析}{section.2}% 12
\BOOKMARK [2][-]{subsection.2.2}{概要设计}{section.2}% 13
\BOOKMARK [2][-]{subsection.2.3}{详细设计}{section.2}% 14
\BOOKMARK [3][-]{subsubsection.2.3.1}{Student类}{subsection.2.3}% 15
\BOOKMARK [3][-]{subsubsection.2.3.2}{RBTree类}{subsection.2.3}% 16
\BOOKMARK [3][-]{subsubsection.2.3.3}{HashTable类}{subsection.2.3}% 17
\BOOKMARK [1][-]{section.3}{设计心得}{}% 18
\BOOKMARK [2][-]{subsection.3.1}{收获}{section.3}% 19
\BOOKMARK [2][-]{subsection.3.2}{特色}{section.3}% 20
\BOOKMARK [1][-]{section.4}{文件清单}{}% 21
